<?xml version="1.0" encoding="UTF-8"?>
<testng-results skipped="0" failed="0" ignored="0" total="1" passed="1">
  <reporter-output>
  </reporter-output>
  <suite name="Default suite" duration-ms="21802" started-at="2019-11-10T20:10:20 IST" finished-at="2019-11-10T20:10:42 IST">
    <groups>
    </groups>
    <test name="Default test" duration-ms="21802" started-at="2019-11-10T20:10:20 IST" finished-at="2019-11-10T20:10:42 IST">
      <class name="selenium.Challenge2_5">
        <test-method status="PASS" signature="bannerSlider()[pri:1, instance:selenium.Challenge2_5@644baf4a]" name="bannerSlider" duration-ms="21768" started-at="2019-11-10T20:10:20 IST" finished-at="2019-11-10T20:10:42 IST">
          <reporter-output>
          </reporter-output>
        </test-method> <!-- bannerSlider -->
      </class> <!-- selenium.Challenge2_5 -->
    </test> <!-- Default test -->
  </suite> <!-- Default suite -->
</testng-results>
